<?xml version="1.0" encoding="UTF-8"?>
<testng-results ignored="0" total="1" passed="1" failed="0" skipped="0">
  <reporter-output>
  </reporter-output>
  <suite started-at="2018-10-31T18:04:08Z" name="Default Suite" finished-at="2018-10-31T18:04:24Z" duration-ms="16032">
    <groups>
    </groups>
    <test started-at="2018-10-31T18:04:08Z" name="SeleniumJavaFramework" finished-at="2018-10-31T18:04:24Z" duration-ms="16032">
      <class name="test.LandingPageTestUsingTestNG">
        <test-method is-config="true" signature="setUpTest()[pri:0, instance:test.LandingPageTestUsingTestNG@694abbdc]" started-at="2018-10-31T18:04:08Z" name="setUpTest" finished-at="2018-10-31T18:04:11Z" duration-ms="2949" status="PASS">
          <reporter-output>
          </reporter-output>
        </test-method> <!-- setUpTest -->
        <test-method signature="LandingTest()[pri:0, instance:test.LandingPageTestUsingTestNG@694abbdc]" started-at="2018-10-31T18:04:11Z" name="LandingTest" finished-at="2018-10-31T18:04:24Z" duration-ms="12942" status="PASS">
          <reporter-output>
          </reporter-output>
        </test-method> <!-- LandingTest -->
        <test-method is-config="true" signature="tearDownTest()[pri:0, instance:test.LandingPageTestUsingTestNG@694abbdc]" started-at="2018-10-31T18:04:24Z" name="tearDownTest" finished-at="2018-10-31T18:04:24Z" duration-ms="125" status="PASS">
          <reporter-output>
          </reporter-output>
        </test-method> <!-- tearDownTest -->
      </class> <!-- test.LandingPageTestUsingTestNG -->
    </test> <!-- SeleniumJavaFramework -->
  </suite> <!-- Default Suite -->
</testng-results>
